<?xml version="1.0" encoding="UTF-8"?>
<!-- Generated by org.testng.reporters.JUnitReportReporter -->
<testsuite hostname="BLR-SOFT--68" name="com.jdTouch.testcases.SearchPageTest" tests="6" failures="0" timestamp="23 Oct 2018 07:15:34 GMT" time="71.245" errors="0">
  <testcase name="testSearchProductAutosuggest" time="17.282" classname="com.jdTouch.testcases.SearchPageTest"/>
  <testcase name="testSearchBarRedirection" time="0.086" classname="com.jdTouch.testcases.SearchPageTest"/>
  <testcase name="testSearchCompanyAutosuggest" time="18.896" classname="com.jdTouch.testcases.SearchPageTest"/>
  <testcase name="testSearchCategoryAutosuggest" time="20.952" classname="com.jdTouch.testcases.SearchPageTest"/>
  <testcase name="testSearchPage" time="2.060" classname="com.jdTouch.testcases.SearchPageTest"/>
  <testcase name="testSearchGroupAutosuggest" time="11.969" classname="com.jdTouch.testcases.SearchPageTest"/>
</testsuite> <!-- com.jdTouch.testcases.SearchPageTest -->
