<?xml version="1.0" encoding="UTF-8"?>
<!-- Generated by org.testng.reporters.JUnitReportReporter -->
<testsuite hostname="BLR-SOFT--68" name="com.jdTouch.testcases.SearchPageTest" tests="6" failures="0" timestamp="5 Nov 2018 13:36:30 GMT" time="74.202" errors="0">
  <testcase name="testSearchGroupAutosuggest" time="12.586" classname="com.jdTouch.testcases.SearchPageTest"/>
  <testcase name="testSearchCompanyAutosuggest" time="19.170" classname="com.jdTouch.testcases.SearchPageTest"/>
  <testcase name="testWhatField" time="1.212" classname="com.jdTouch.testcases.SearchPageTest"/>
  <testcase name="testWherefield" time="1.188" classname="com.jdTouch.testcases.SearchPageTest"/>
  <testcase name="testSearchCategoryAutosuggest" time="22.478" classname="com.jdTouch.testcases.SearchPageTest"/>
  <testcase name="testSearchProductAutosuggest" time="17.568" classname="com.jdTouch.testcases.SearchPageTest"/>
</testsuite> <!-- com.jdTouch.testcases.SearchPageTest -->
