<?xml version="1.0" encoding="UTF-8"?>
<!-- Generated by org.testng.reporters.JUnitReportReporter -->
<testsuite hostname="BLR-SOFT--68" name="com.jdTouch.testcases.HomePageTest" tests="4" failures="0" timestamp="28 Oct 2018 10:44:47 GMT" time="84.410" errors="0">
  <testcase name="testLocationfield" time="6.960" classname="com.jdTouch.testcases.HomePageTest"/>
  <testcase name="testHotkeysRedirections" time="37.064" classname="com.jdTouch.testcases.HomePageTest"/>
  <testcase name="testSearchBar" time="8.282" classname="com.jdTouch.testcases.HomePageTest"/>
  <testcase name="testsocialFeedsCount" time="32.104" classname="com.jdTouch.testcases.HomePageTest"/>
</testsuite> <!-- com.jdTouch.testcases.HomePageTest -->
