<?xml version="1.0" encoding="UTF-8"?>
<!-- Generated by org.testng.reporters.JUnitReportReporter -->
<testsuite hostname="BLR-SOFT--68" name="com.jdTouch.testcases.HomePageTest" tests="4" failures="0" timestamp="31 Oct 2018 13:35:41 GMT" time="91.534" errors="0">
  <testcase name="testSearchBar" time="7.451" classname="com.jdTouch.testcases.HomePageTest"/>
  <testcase name="testsocialFeedsCount" time="38.895" classname="com.jdTouch.testcases.HomePageTest"/>
  <testcase name="testHotkeysRedirections" time="37.563" classname="com.jdTouch.testcases.HomePageTest"/>
  <testcase name="testLocationfield" time="7.625" classname="com.jdTouch.testcases.HomePageTest"/>
</testsuite> <!-- com.jdTouch.testcases.HomePageTest -->
