<?xml version="1.0" encoding="UTF-8"?>
<!-- Generated by org.testng.reporters.JUnitReportReporter -->
<testsuite hostname="BLR-SOFT--68" name="com.jdTouch.testcases.SearchPageTest" tests="6" failures="0" timestamp="6 Nov 2018 07:55:47 GMT" time="74.694" errors="0">
  <testcase name="testSearchCompanyAutosuggest" time="19.759" classname="com.jdTouch.testcases.SearchPageTest"/>
  <testcase name="testWhatField" time="1.243" classname="com.jdTouch.testcases.SearchPageTest"/>
  <testcase name="testSearchCategoryAutosuggest" time="21.515" classname="com.jdTouch.testcases.SearchPageTest"/>
  <testcase name="testSearchProductAutosuggest" time="18.034" classname="com.jdTouch.testcases.SearchPageTest"/>
  <testcase name="testWherefield" time="1.260" classname="com.jdTouch.testcases.SearchPageTest"/>
  <testcase name="testSearchGroupAutosuggest" time="12.883" classname="com.jdTouch.testcases.SearchPageTest"/>
</testsuite> <!-- com.jdTouch.testcases.SearchPageTest -->
