<?xml version="1.0" encoding="UTF-8"?>
<!-- Generated by org.testng.reporters.JUnitReportReporter -->
<testsuite hostname="BLR-SOFT--68" name="com.jdTouch.testcases.SearchPageTest" tests="6" failures="0" timestamp="28 Oct 2018 10:30:17 GMT" time="68.946" errors="0">
  <testcase name="testSearchProductAutosuggest" time="16.651" classname="com.jdTouch.testcases.SearchPageTest"/>
  <testcase name="testSearchCategoryAutosuggest" time="20.223" classname="com.jdTouch.testcases.SearchPageTest"/>
  <testcase name="testSearchBarRedirection" time="0.104" classname="com.jdTouch.testcases.SearchPageTest"/>
  <testcase name="testSearchGroupAutosuggest" time="11.666" classname="com.jdTouch.testcases.SearchPageTest"/>
  <testcase name="testSearchPage" time="2.033" classname="com.jdTouch.testcases.SearchPageTest"/>
  <testcase name="testSearchCompanyAutosuggest" time="18.269" classname="com.jdTouch.testcases.SearchPageTest"/>
</testsuite> <!-- com.jdTouch.testcases.SearchPageTest -->
