<?xml version="1.0" encoding="UTF-8"?>
<!-- Generated by org.testng.reporters.JUnitReportReporter -->
<testsuite hostname="BLR-SOFT--68" name="com.jdTouch.testcases.SearchPageTest" tests="6" failures="0" timestamp="28 Oct 2018 11:54:53 GMT" time="70.218" errors="0">
  <testcase name="testSearchCategoryAutosuggest" time="20.686" classname="com.jdTouch.testcases.SearchPageTest"/>
  <testcase name="testSearchBarRedirection" time="0.111" classname="com.jdTouch.testcases.SearchPageTest"/>
  <testcase name="testSearchPage" time="2.051" classname="com.jdTouch.testcases.SearchPageTest"/>
  <testcase name="testSearchCompanyAutosuggest" time="18.705" classname="com.jdTouch.testcases.SearchPageTest"/>
  <testcase name="testSearchGroupAutosuggest" time="11.781" classname="com.jdTouch.testcases.SearchPageTest"/>
  <testcase name="testSearchProductAutosuggest" time="16.884" classname="com.jdTouch.testcases.SearchPageTest"/>
</testsuite> <!-- com.jdTouch.testcases.SearchPageTest -->
