<?xml version="1.0" encoding="UTF-8"?>
<!-- Generated by org.testng.reporters.JUnitReportReporter -->
<testsuite hostname="BLR-SOFT--68" name="com.jdTouch.testcases.HomePageTest" tests="4" failures="0" timestamp="6 Nov 2018 07:55:47 GMT" time="88.329" errors="0">
  <testcase name="testSearchBar" time="7.595" classname="com.jdTouch.testcases.HomePageTest"/>
  <testcase name="testsocialFeedsCount" time="34.756" classname="com.jdTouch.testcases.HomePageTest"/>
  <testcase name="testLocationfield" time="7.785" classname="com.jdTouch.testcases.HomePageTest"/>
  <testcase name="testHotkeysRedirections" time="38.193" classname="com.jdTouch.testcases.HomePageTest"/>
</testsuite> <!-- com.jdTouch.testcases.HomePageTest -->
