<?xml version="1.0" encoding="UTF-8"?>
<!-- Generated by org.testng.reporters.JUnitReportReporter -->
<testsuite hostname="BLR-SOFT--68" name="com.jdTouch.testcases.FreeListingTest" tests="6" failures="0" timestamp="31 Oct 2018 13:35:41 GMT" time="109.412" errors="0">
  <testcase name="testFreelistingBack" time="14.027" classname="com.jdTouch.testcases.FreeListingTest"/>
  <testcase name="validateFreelistingPage" time="11.758" classname="com.jdTouch.testcases.FreeListingTest"/>
  <testcase name="testFreelistingCross" time="20.315" classname="com.jdTouch.testcases.FreeListingTest"/>
  <testcase name="testFreeListing" time="22.250" classname="com.jdTouch.testcases.FreeListingTest"/>
  <testcase name="testFreeListing" time="21.046" classname="com.jdTouch.testcases.FreeListingTest"/>
  <testcase name="testFreeListing" time="20.016" classname="com.jdTouch.testcases.FreeListingTest"/>
</testsuite> <!-- com.jdTouch.testcases.FreeListingTest -->
