<?xml version="1.0" encoding="UTF-8"?>
<!-- Generated by org.testng.reporters.JUnitReportReporter -->
<testsuite hostname="BLR-SOFT--68" name="com.jdTouch.testcases.HomePageTest" tests="4" failures="0" timestamp="24 Oct 2018 06:04:02 GMT" time="90.013" errors="0">
  <testcase name="testLocationfield" time="8.254" classname="com.jdTouch.testcases.HomePageTest"/>
  <testcase name="testHotkeysRedirections" time="40.258" classname="com.jdTouch.testcases.HomePageTest"/>
  <testcase name="testSearchBar" time="8.343" classname="com.jdTouch.testcases.HomePageTest"/>
  <testcase name="testsocialFeedsCount" time="33.158" classname="com.jdTouch.testcases.HomePageTest"/>
</testsuite> <!-- com.jdTouch.testcases.HomePageTest -->
