<?xml version="1.0" encoding="UTF-8"?>
<!-- Generated by org.testng.reporters.JUnitReportReporter -->
<testsuite hostname="BLR-SOFT--68" name="com.jdTouch.testcases.FreeListingTest" tests="1" failures="0" timestamp="23 Oct 2018 07:43:15 GMT" time="18.225" errors="0">
  <testcase name="testFreelistingCross" time="18.225" classname="com.jdTouch.testcases.FreeListingTest"/>
</testsuite> <!-- com.jdTouch.testcases.FreeListingTest -->
