<?xml version="1.0" encoding="UTF-8"?>
<!-- Generated by org.testng.reporters.JUnitReportReporter -->
<testsuite hostname="BLR-SOFT--68" name="com.jdTouch.testcases.FreeListingTest" tests="6" failures="0" timestamp="6 Nov 2018 07:55:47 GMT" time="112.233" errors="0">
  <testcase name="validateFreelistingPage" time="10.977" classname="com.jdTouch.testcases.FreeListingTest"/>
  <testcase name="testFreeListing" time="19.813" classname="com.jdTouch.testcases.FreeListingTest"/>
  <testcase name="testFreeListing" time="20.344" classname="com.jdTouch.testcases.FreeListingTest"/>
  <testcase name="testFreelistingCross" time="23.829" classname="com.jdTouch.testcases.FreeListingTest"/>
  <testcase name="testFreelistingBack" time="16.874" classname="com.jdTouch.testcases.FreeListingTest"/>
  <testcase name="testFreeListing" time="20.396" classname="com.jdTouch.testcases.FreeListingTest"/>
</testsuite> <!-- com.jdTouch.testcases.FreeListingTest -->
