<?xml version="1.0" encoding="UTF-8"?>
<!-- Generated by org.testng.reporters.JUnitReportReporter -->
<testsuite hostname="BLR-SOFT--68" name="com.jdTouch.testcases.HomePageTest" tests="4" failures="0" timestamp="24 Oct 2018 06:16:27 GMT" time="92.114" errors="0">
  <testcase name="testsocialFeedsCount" time="31.112" classname="com.jdTouch.testcases.HomePageTest"/>
  <testcase name="testSearchBar" time="6.366" classname="com.jdTouch.testcases.HomePageTest"/>
  <testcase name="testLocationfield" time="9.251" classname="com.jdTouch.testcases.HomePageTest"/>
  <testcase name="testHotkeysRedirections" time="45.385" classname="com.jdTouch.testcases.HomePageTest"/>
</testsuite> <!-- com.jdTouch.testcases.HomePageTest -->
