<?xml version="1.0" encoding="UTF-8"?>
<!-- Generated by org.testng.reporters.JUnitReportReporter -->
<testsuite hostname="BLR-SOFT--68" name="com.jdTouch.testcases.FreeListingTest" tests="6" failures="0" timestamp="24 Oct 2018 06:16:27 GMT" time="119.247" errors="0">
  <testcase name="testFreeListing" time="25.160" classname="com.jdTouch.testcases.FreeListingTest"/>
  <testcase name="testFreeListing" time="21.542" classname="com.jdTouch.testcases.FreeListingTest"/>
  <testcase name="testFreelistingCross" time="17.901" classname="com.jdTouch.testcases.FreeListingTest"/>
  <testcase name="validateFreelistingPage" time="14.395" classname="com.jdTouch.testcases.FreeListingTest"/>
  <testcase name="testFreeListing" time="21.376" classname="com.jdTouch.testcases.FreeListingTest"/>
  <testcase name="testFreelistingBack" time="18.873" classname="com.jdTouch.testcases.FreeListingTest"/>
</testsuite> <!-- com.jdTouch.testcases.FreeListingTest -->
